2020-06-13 16:55:57,009 INFO org.springframework.boot.SpringApplication [restartedMain] No active profile set, falling back to default profiles: default
2020-06-13 16:55:58,007 INFO org.springframework.data.repository.config.RepositoryConfigurationDelegate [restartedMain] Bootstrapping Spring Data JPA repositories in DEFAULT mode.
2020-06-13 16:55:58,023 INFO org.springframework.data.repository.config.RepositoryConfigurationDelegate [restartedMain] Finished Spring Data repository scanning in 9ms. Found 0 JPA repository interfaces.
2020-06-13 16:55:58,390 INFO org.springframework.cloud.context.scope.GenericScope [restartedMain] BeanFactory id=1a8820b7-fd85-359d-81f7-2b3d6af57b79
2020-06-13 16:55:59,586 INFO org.springframework.boot.web.embedded.tomcat.TomcatWebServer [restartedMain] Tomcat initialized with port(s): 8080 (http)
2020-06-13 16:55:59,594 INFO org.apache.juli.logging.DirectJDKLog [restartedMain] Starting service [Tomcat]
2020-06-13 16:55:59,594 INFO org.apache.juli.logging.DirectJDKLog [restartedMain] Starting Servlet engine: [Apache Tomcat/9.0.34]
2020-06-13 16:55:59,684 INFO org.apache.juli.logging.DirectJDKLog [restartedMain] Initializing Spring embedded WebApplicationContext
2020-06-13 16:55:59,684 INFO org.springframework.boot.web.servlet.context.ServletWebServerApplicationContext [restartedMain] Root WebApplicationContext: initialization completed in 2653 ms
2020-06-13 16:55:59,971 INFO com.zaxxer.hikari.HikariDataSource [restartedMain] HikariPool-1 - Starting...
2020-06-13 16:56:00,125 INFO com.zaxxer.hikari.HikariDataSource [restartedMain] HikariPool-1 - Start completed.
2020-06-13 16:56:00,131 INFO org.springframework.boot.autoconfigure.h2.H2ConsoleAutoConfiguration [restartedMain] H2 console available at '/h2-console'. Database available at 'jdbc:h2:mem:testdb'
2020-06-13 16:56:01,404 INFO org.hibernate.jpa.internal.util.LogHelper [restartedMain] HHH000204: Processing PersistenceUnitInfo [name: default]
2020-06-13 16:56:01,444 INFO org.hibernate.Version [restartedMain] HHH000412: Hibernate ORM core version 5.4.15.Final
2020-06-13 16:56:01,562 INFO org.hibernate.annotations.common.reflection.java.JavaReflectionManager [restartedMain] HCANN000001: Hibernate Commons Annotations {5.1.0.Final}
2020-06-13 16:56:01,655 INFO org.hibernate.dialect.Dialect [restartedMain] HHH000400: Using dialect: org.hibernate.dialect.H2Dialect
2020-06-13 16:56:01,851 INFO org.hibernate.engine.transaction.jta.platform.internal.JtaPlatformInitiator [restartedMain] HHH000490: Using JtaPlatform implementation: [org.hibernate.engine.transaction.jta.platform.internal.NoJtaPlatform]
2020-06-13 16:56:01,858 INFO org.springframework.orm.jpa.AbstractEntityManagerFactoryBean [restartedMain] Initialized JPA EntityManagerFactory for persistence unit 'default'
2020-06-13 16:56:02,025 WARN org.springframework.boot.devtools.autoconfigure.OptionalLiveReloadServer [restartedMain] Unable to start LiveReload server
2020-06-13 16:56:02,039 INFO org.springframework.beans.factory.annotation.AutowiredAnnotationBeanPostProcessor [restartedMain] Autowired annotation is not supported on static methods: public static void com.microservices.CustomerApplication.main(java.lang.String[])
2020-06-13 16:56:02,939 WARN org.springframework.boot.autoconfigure.orm.jpa.JpaBaseConfiguration$JpaWebConfiguration [restartedMain] spring.jpa.open-in-view is enabled by default. Therefore, database queries may be performed during view rendering. Explicitly configure spring.jpa.open-in-view to disable this warning
2020-06-13 16:56:03,114 INFO org.springframework.scheduling.concurrent.ExecutorConfigurationSupport [restartedMain] Initializing ExecutorService 'applicationTaskExecutor'
2020-06-13 16:56:03,484 WARN org.springframework.boot.autoconfigure.thymeleaf.ThymeleafAutoConfiguration$DefaultTemplateResolverConfiguration [restartedMain] Cannot find template location: classpath:/templates/ (please add some templates or check your Thymeleaf configuration)
2020-06-13 16:56:04,363 INFO org.springframework.boot.actuate.endpoint.web.EndpointLinksResolver [restartedMain] Exposing 16 endpoint(s) beneath base path '/actuator'
2020-06-13 16:56:04,510 INFO org.springframework.boot.web.embedded.tomcat.TomcatWebServer [restartedMain] Tomcat started on port(s): 8080 (http) with context path ''
2020-06-13 16:56:04,517 INFO org.springframework.boot.StartupInfoLogger [restartedMain] Started CustomerApplication in 8.267 seconds (JVM running for 8.845)
2020-06-13 17:00:58,647 INFO org.apache.juli.logging.DirectJDKLog [http-nio-8080-exec-1] Initializing Spring DispatcherServlet 'dispatcherServlet'
2020-06-13 17:00:58,648 INFO org.springframework.web.servlet.FrameworkServlet [http-nio-8080-exec-1] Initializing Servlet 'dispatcherServlet'
2020-06-13 17:00:58,675 INFO org.springframework.web.servlet.FrameworkServlet [http-nio-8080-exec-1] Completed initialization in 27 ms
2020-06-13 17:00:58,774 INFO com.microservices.aspect.CustomerAspect [http-nio-8080-exec-1] Before method:Customer com.microservices.controller.CustomerController.getCustomer(String)
2020-06-13 17:00:58,775 INFO com.microservices.aspect.CustomerAspect [http-nio-8080-exec-1] Finding Customer with customerId(1)
2020-06-13 17:00:58,911 INFO com.microservices.aspect.CustomerAspect [http-nio-8080-exec-1] After method:Customer com.microservices.controller.CustomerController.getCustomer(String)
2020-06-13 17:00:58,913 INFO com.microservices.aspect.CustomerAspect [http-nio-8080-exec-1] Found Customer with customerId(1):
2020-06-13 17:00:58,913 INFO com.microservices.aspect.CustomerAspect [http-nio-8080-exec-1] --------------------------------
2020-06-13 17:00:58,914 INFO com.microservices.aspect.CustomerAspect [http-nio-8080-exec-1] Customer [accountName=My Account, accountType=Current, balance=100, currency=SGD, customerId=1]
2020-06-13 17:00:58,914 INFO com.microservices.aspect.CustomerAspect [http-nio-8080-exec-1] 
